PDOException: SQLSTATE[HY000] [1045] Access denied for user 'DB_USER'@'localhost' (using password: YES) in /Applications/MAMP/htdocs/dbconnect.php:23
Stack trace:
#0 /Applications/MAMP/htdocs/dbconnect.php(23): PDO->__construct('mysql:host=loca...', 'DB_USER', 'fukusan123', Array)
#1 /Applications/MAMP/htdocs/classes/UserLogic.php(25): connect()
#2 /Applications/MAMP/htdocs/public/register.php(35): UserLogic::createUser(Array)
#3 {main}PDOException: SQLSTATE[22001]: String data, right truncated: 1406 Data too long for column 'name' at row 1 in /Applications/MAMP/htdocs/classes/UserLogic.php:26
Stack trace:
#0 /Applications/MAMP/htdocs/classes/UserLogic.php(26): PDOStatement->execute(Array)
#1 /Applications/MAMP/htdocs/public/register.php(35): UserLogic::createUser(Array)
#2 {main}PDOException: SQLSTATE[23000]: Integrity constraint violation: 1062 Duplicate entry 'fuku@test.com' for key 'email' in /Applications/MAMP/htdocs/classes/UserLogic.php:26
Stack trace:
#0 /Applications/MAMP/htdocs/classes/UserLogic.php(26): PDOStatement->execute(Array)
#1 /Applications/MAMP/htdocs/public/register.php(35): UserLogic::createUser(Array)
#2 {main}PDOException: SQLSTATE[42S22]: Column not found: 1054 Unknown column 'cate_id' in 'field list' in C:\xampp\htdocs\qandasite\classes\QuestionLogic.php:47
Stack trace:
#0 C:\xampp\htdocs\qandasite\classes\QuestionLogic.php(47): PDOStatement->execute(Array)
#1 C:\xampp\htdocs\qandasite\question\question_comp.php(26): QuestionLogic::createQuestion(Array)
#2 {main}PDOException: SQLSTATE[42S22]: Column not found: 1054 Unknown column 'cate_id' in 'field list' in C:\xampp\htdocs\qandasite\classes\QuestionLogic.php:47
Stack trace:
#0 C:\xampp\htdocs\qandasite\classes\QuestionLogic.php(47): PDOStatement->execute(Array)
#1 C:\xampp\htdocs\qandasite\question\question_comp.php(26): QuestionLogic::createQuestion(Array)
#2 {main}PDOException: SQLSTATE[42S22]: Column not found: 1054 Unknown column 'cate_id' in 'field list' in C:\xampp\htdocs\qandasite\classes\QuestionLogic.php:47
Stack trace:
#0 C:\xampp\htdocs\qandasite\classes\QuestionLogic.php(47): PDOStatement->execute(Array)
#1 C:\xampp\htdocs\qandasite\question\question_comp.php(26): QuestionLogic::createQuestion(Array)
#2 {main}PDOException: SQLSTATE[HY093]: Invalid parameter number: number of bound variables does not match number of tokens in C:\xampp\htdocs\qandasite\classes\QuestionLogic.php:47
Stack trace:
#0 C:\xampp\htdocs\qandasite\classes\QuestionLogic.php(47): PDOStatement->execute(Array)
#1 C:\xampp\htdocs\qandasite\question\question_comp.php(26): QuestionLogic::createQuestion(Array)
#2 {main}PDOException: SQLSTATE[HY093]: Invalid parameter number: number of bound variables does not match number of tokens in C:\xampp\htdocs\qandasite\classes\QuestionLogic.php:47
Stack trace:
#0 C:\xampp\htdocs\qandasite\classes\QuestionLogic.php(47): PDOStatement->execute(Array)
#1 C:\xampp\htdocs\qandasite\question\question_comp.php(26): QuestionLogic::createQuestion(Array)
#2 {main}PDOException: SQLSTATE[HY093]: Invalid parameter number: number of bound variables does not match number of tokens in C:\xampp\htdocs\qandasite\classes\QuestionLogic.php:46
Stack trace:
#0 C:\xampp\htdocs\qandasite\classes\QuestionLogic.php(46): PDOStatement->execute(Array)
#1 C:\xampp\htdocs\qandasite\question\question_comp.php(31): QuestionLogic::createQuestion(Array)
#2 {main}PDOException: SQLSTATE[HY093]: Invalid parameter number: number of bound variables does not match number of tokens in C:\xampp\htdocs\qandasite\classes\QuestionLogic.php:46
Stack trace:
#0 C:\xampp\htdocs\qandasite\classes\QuestionLogic.php(46): PDOStatement->execute(Array)
#1 C:\xampp\htdocs\qandasite\question\question_comp.php(31): QuestionLogic::createQuestion(Array)
#2 {main}PDOException: SQLSTATE[HY093]: Invalid parameter number: number of bound variables does not match number of tokens in C:\xampp\htdocs\qandasite\classes\QuestionLogic.php:46
Stack trace:
#0 C:\xampp\htdocs\qandasite\classes\QuestionLogic.php(46): PDOStatement->execute(Array)
#1 C:\xampp\htdocs\qandasite\question\question_comp.php(31): QuestionLogic::createQuestion(Array)
#2 {main}PDOException: SQLSTATE[HY093]: Invalid parameter number: number of bound variables does not match number of tokens in C:\xampp\htdocs\qandasite\classes\QuestionLogic.php:46
Stack trace:
#0 C:\xampp\htdocs\qandasite\classes\QuestionLogic.php(46): PDOStatement->execute(Array)
#1 C:\xampp\htdocs\qandasite\question\question_comp.php(31): QuestionLogic::createQuestion(Array)
#2 {main}PDOException: SQLSTATE[HY093]: Invalid parameter number: number of bound variables does not match number of tokens in C:\xampp\htdocs\qandasite\classes\QuestionLogic.php:46
Stack trace:
#0 C:\xampp\htdocs\qandasite\classes\QuestionLogic.php(46): PDOStatement->execute(Array)
#1 C:\xampp\htdocs\qandasite\question\question_comp.php(30): QuestionLogic::createQuestion(Array)
#2 {main}PDOException: SQLSTATE[HY093]: Invalid parameter number: number of bound variables does not match number of tokens in C:\xampp\htdocs\qandasite\classes\QuestionLogic.php:46
Stack trace:
#0 C:\xampp\htdocs\qandasite\classes\QuestionLogic.php(46): PDOStatement->execute(Array)
#1 C:\xampp\htdocs\qandasite\question\question_comp.php(31): QuestionLogic::createQuestion(Array)
#2 {main}PDOException: SQLSTATE[HY093]: Invalid parameter number: number of bound variables does not match number of tokens in C:\xampp\htdocs\qandasite\classes\QuestionLogic.php:46
Stack trace:
#0 C:\xampp\htdocs\qandasite\classes\QuestionLogic.php(46): PDOStatement->execute(Array)
#1 C:\xampp\htdocs\qandasite\question\question_comp.php(32): QuestionLogic::createQuestion(Array)
#2 {main}PDOException: SQLSTATE[HY093]: Invalid parameter number: number of bound variables does not match number of tokens in C:\xampp\htdocs\qandasite\classes\QuestionLogic.php:46
Stack trace:
#0 C:\xampp\htdocs\qandasite\classes\QuestionLogic.php(46): PDOStatement->execute(Array)
#1 C:\xampp\htdocs\qandasite\question\question_comp.php(32): QuestionLogic::createQuestion(Array)
#2 {main}PDOException: SQLSTATE[HY093]: Invalid parameter number: number of bound variables does not match number of tokens in C:\xampp\htdocs\qandasite\classes\QuestionLogic.php:46
Stack trace:
#0 C:\xampp\htdocs\qandasite\classes\QuestionLogic.php(46): PDOStatement->execute(Array)
#1 C:\xampp\htdocs\qandasite\question\question_comp.php(30): QuestionLogic::createQuestion(Array)
#2 {main}PDOException: SQLSTATE[HY093]: Invalid parameter number: number of bound variables does not match number of tokens in C:\xampp\htdocs\qandasite\classes\QuestionLogic.php:46
Stack trace:
#0 C:\xampp\htdocs\qandasite\classes\QuestionLogic.php(46): PDOStatement->execute(Array)
#1 C:\xampp\htdocs\qandasite\question\question_comp.php(31): QuestionLogic::createQuestion(Array)
#2 {main}PDOException: SQLSTATE[23000]: Integrity constraint violation: 1452 Cannot add or update a child row: a foreign key constraint fails (`qandasite`.`question_posts`, CONSTRAINT `question_posts_ibfk_2` FOREIGN KEY (`cate_id`) REFERENCES `categories` (`cate_id`)) in C:\xampp\htdocs\qandasite\classes\QuestionLogic.php:47
Stack trace:
#0 C:\xampp\htdocs\qandasite\classes\QuestionLogic.php(47): PDOStatement->execute(Array)
#1 C:\xampp\htdocs\qandasite\question\question_comp.php(31): QuestionLogic::createQuestion(Array)
#2 {main}